2020-02-20 10:12:31,608  INFO [http-nio-8080-exec-1] - ing.stockmarket.Investor.<init> 31 - Subscriber[1] 
2020-02-20 10:12:31,624  INFO [Thread-12] - ing.stockmarket.ThreadForTesting.run 19 - The date when the data is written in the CSV file is :Thu Feb 20 10:12:31 EET 2020
2020-02-20 10:12:31,640  INFO [ExecutorService Thread - 4] - ing.stockmarket.GenerateTransactionsThread.run 29 - Start generating a random array of transactions!
2020-02-20 10:12:31,640  INFO [ExecutorService Thread - 6] - ing.stockmarket.GenerateCustomerThread.run 30 - Start generating a random array of customers!
2020-02-20 10:12:31,640  INFO [ExecutorService Thread - 7] - ing.stockmarket.WriteCustomersInCSVFile.run 30 - The date when the data is written in the CSV file is :Thu Feb 20 10:12:31 EET 2020
2020-02-20 10:12:31,640  INFO [ExecutorService Thread - 1] - ing.stockmarket.WriteInstrumentsInCSVFile.run 31 - The date when the data is written in the CSV file is :Thu Feb 20 10:12:31 EET 2020
2020-02-20 10:12:31,640  INFO [ExecutorService Thread - 5] - ing.stockmarket.WriteTransactionsInCSVFile.run 27 - The date when the data is written in the CSV file is :Thu Feb 20 10:12:31 EET 2020
2020-02-20 10:12:31,640  INFO [ExecutorService Thread - 8] - ing.stockmarket.GenerateInstrumentsThread.run 31 - Start generating a random array of instruments!
2020-02-20 10:12:31,668  INFO [Thread-12] - ing.stockmarket.ThreadForTesting.run 33 - Start writing into file: C:\Users\LU20WO\GeneratedFile\Publisher\Test.csv
2020-02-20 10:12:31,669  INFO [Thread-12] - ing.stockmarket.ThreadForTesting.run 45 - This file was closed successful!

2020-02-20 10:12:31,683  INFO [ExecutorService Thread - 1] - ing.stockmarket.WriteInstrumentsInCSVFile.run 52 - Start writing into file: C:\Users\LU20WO\GeneratedFile\Publisher\Instruments.csv
2020-02-20 10:12:31,683  INFO [ExecutorService Thread - 5] - ing.stockmarket.WriteTransactionsInCSVFile.run 47 - Start writing into file: C:\Users\LU20WO\GeneratedFile\Publisher\Transactions.csv111.csv
2020-02-20 10:12:31,683  INFO [ExecutorService Thread - 7] - ing.stockmarket.WriteCustomersInCSVFile.run 48 - Start writing into file: C:\Users\LU20WO\GeneratedFile\Publisher\Customers.csv
2020-02-20 10:12:31,683  INFO [ExecutorService Thread - 5] - ing.stockmarket.WriteTransactionsInCSVFile.run 47 - Start writing into file: C:\Users\LU20WO\GeneratedFile\Publisher\Transactions.csv111.csv
2020-02-20 10:12:31,683  INFO [ExecutorService Thread - 1] - ing.stockmarket.WriteInstrumentsInCSVFile.run 52 - Start writing into file: C:\Users\LU20WO\GeneratedFile\Publisher\Instruments.csv
2020-02-20 10:12:31,683  INFO [ExecutorService Thread - 5] - ing.stockmarket.WriteTransactionsInCSVFile.run 47 - Start writing into file: C:\Users\LU20WO\GeneratedFile\Publisher\Transactions.csv111.csv
2020-02-20 10:12:31,683  INFO [ExecutorService Thread - 7] - ing.stockmarket.WriteCustomersInCSVFile.run 48 - Start writing into file: C:\Users\LU20WO\GeneratedFile\Publisher\Customers.csv
2020-02-20 10:12:31,684  INFO [ExecutorService Thread - 1] - ing.stockmarket.WriteInstrumentsInCSVFile.run 52 - Start writing into file: C:\Users\LU20WO\GeneratedFile\Publisher\Instruments.csv
2020-02-20 10:12:31,684  INFO [ExecutorService Thread - 7] - ing.stockmarket.WriteCustomersInCSVFile.run 48 - Start writing into file: C:\Users\LU20WO\GeneratedFile\Publisher\Customers.csv
2020-02-20 10:12:31,689  INFO [ExecutorService Thread - 5] - ing.stockmarket.WriteTransactionsInCSVFile.run 47 - Start writing into file: C:\Users\LU20WO\GeneratedFile\Publisher\Transactions.csv111.csv
2020-02-20 10:12:31,689  INFO [ExecutorService Thread - 7] - ing.stockmarket.WriteCustomersInCSVFile.run 48 - Start writing into file: C:\Users\LU20WO\GeneratedFile\Publisher\Customers.csv
2020-02-20 10:12:31,690  INFO [ExecutorService Thread - 1] - ing.stockmarket.WriteInstrumentsInCSVFile.run 52 - Start writing into file: C:\Users\LU20WO\GeneratedFile\Publisher\Instruments.csv
2020-02-20 10:12:31,703  INFO [ExecutorService Thread - 5] - ing.stockmarket.WriteTransactionsInCSVFile.run 47 - Start writing into file: C:\Users\LU20WO\GeneratedFile\Publisher\Transactions.csv111.csv
2020-02-20 10:12:31,704  INFO [ExecutorService Thread - 7] - ing.stockmarket.WriteCustomersInCSVFile.run 48 - Start writing into file: C:\Users\LU20WO\GeneratedFile\Publisher\Customers.csv
2020-02-20 10:12:31,706  INFO [ExecutorService Thread - 1] - ing.stockmarket.WriteInstrumentsInCSVFile.run 52 - Start writing into file: C:\Users\LU20WO\GeneratedFile\Publisher\Instruments.csv
2020-02-20 10:12:31,718  INFO [ExecutorService Thread - 5] - ing.stockmarket.WriteTransactionsInCSVFile.run 47 - Start writing into file: C:\Users\LU20WO\GeneratedFile\Publisher\Transactions.csv111.csv
2020-02-20 10:12:31,719  INFO [ExecutorService Thread - 7] - ing.stockmarket.WriteCustomersInCSVFile.run 48 - Start writing into file: C:\Users\LU20WO\GeneratedFile\Publisher\Customers.csv
2020-02-20 10:12:31,721  INFO [ExecutorService Thread - 1] - ing.stockmarket.WriteInstrumentsInCSVFile.run 52 - Start writing into file: C:\Users\LU20WO\GeneratedFile\Publisher\Instruments.csv
2020-02-20 10:12:31,732  INFO [ExecutorService Thread - 5] - ing.stockmarket.WriteTransactionsInCSVFile.run 47 - Start writing into file: C:\Users\LU20WO\GeneratedFile\Publisher\Transactions.csv111.csv
2020-02-20 10:12:31,734  INFO [ExecutorService Thread - 7] - ing.stockmarket.WriteCustomersInCSVFile.run 48 - Start writing into file: C:\Users\LU20WO\GeneratedFile\Publisher\Customers.csv
2020-02-20 10:12:31,737  INFO [ExecutorService Thread - 1] - ing.stockmarket.WriteInstrumentsInCSVFile.run 52 - Start writing into file: C:\Users\LU20WO\GeneratedFile\Publisher\Instruments.csv
2020-02-20 10:12:31,746  INFO [ExecutorService Thread - 5] - ing.stockmarket.WriteTransactionsInCSVFile.run 47 - Start writing into file: C:\Users\LU20WO\GeneratedFile\Publisher\Transactions.csv111.csv
2020-02-20 10:12:31,750  INFO [ExecutorService Thread - 7] - ing.stockmarket.WriteCustomersInCSVFile.run 48 - Start writing into file: C:\Users\LU20WO\GeneratedFile\Publisher\Customers.csv
2020-02-20 10:12:31,752  INFO [ExecutorService Thread - 1] - ing.stockmarket.WriteInstrumentsInCSVFile.run 52 - Start writing into file: C:\Users\LU20WO\GeneratedFile\Publisher\Instruments.csv
2020-02-20 10:12:31,761  INFO [ExecutorService Thread - 5] - ing.stockmarket.WriteTransactionsInCSVFile.run 47 - Start writing into file: C:\Users\LU20WO\GeneratedFile\Publisher\Transactions.csv111.csv
2020-02-20 10:12:31,766  INFO [ExecutorService Thread - 7] - ing.stockmarket.WriteCustomersInCSVFile.run 48 - Start writing into file: C:\Users\LU20WO\GeneratedFile\Publisher\Customers.csv
2020-02-20 10:12:31,768  INFO [ExecutorService Thread - 1] - ing.stockmarket.WriteInstrumentsInCSVFile.run 52 - Start writing into file: C:\Users\LU20WO\GeneratedFile\Publisher\Instruments.csv
2020-02-20 10:12:31,776  INFO [ExecutorService Thread - 5] - ing.stockmarket.WriteTransactionsInCSVFile.run 47 - Start writing into file: C:\Users\LU20WO\GeneratedFile\Publisher\Transactions.csv111.csv
2020-02-20 10:12:31,781  INFO [ExecutorService Thread - 7] - ing.stockmarket.WriteCustomersInCSVFile.run 48 - Start writing into file: C:\Users\LU20WO\GeneratedFile\Publisher\Customers.csv
2020-02-20 10:12:31,783  INFO [ExecutorService Thread - 1] - ing.stockmarket.WriteInstrumentsInCSVFile.run 52 - Start writing into file: C:\Users\LU20WO\GeneratedFile\Publisher\Instruments.csv
2020-02-20 10:12:31,783  INFO [ExecutorService Thread - 1] - ing.stockmarket.WriteInstrumentsInCSVFile.run 79 - This file was closed successful!

2020-02-20 10:12:31,790  INFO [ExecutorService Thread - 5] - ing.stockmarket.WriteTransactionsInCSVFile.run 47 - Start writing into file: C:\Users\LU20WO\GeneratedFile\Publisher\Transactions.csv111.csv
2020-02-20 10:12:31,797  INFO [ExecutorService Thread - 7] - ing.stockmarket.WriteCustomersInCSVFile.run 48 - Start writing into file: C:\Users\LU20WO\GeneratedFile\Publisher\Customers.csv
2020-02-20 10:12:31,805  INFO [ExecutorService Thread - 5] - ing.stockmarket.WriteTransactionsInCSVFile.run 47 - Start writing into file: C:\Users\LU20WO\GeneratedFile\Publisher\Transactions.csv111.csv
2020-02-20 10:12:31,812  INFO [ExecutorService Thread - 7] - ing.stockmarket.WriteCustomersInCSVFile.run 48 - Start writing into file: C:\Users\LU20WO\GeneratedFile\Publisher\Customers.csv
2020-02-20 10:12:31,819  INFO [ExecutorService Thread - 5] - ing.stockmarket.WriteTransactionsInCSVFile.run 47 - Start writing into file: C:\Users\LU20WO\GeneratedFile\Publisher\Transactions.csv111.csv
2020-02-20 10:12:31,828  INFO [ExecutorService Thread - 7] - ing.stockmarket.WriteCustomersInCSVFile.run 48 - Start writing into file: C:\Users\LU20WO\GeneratedFile\Publisher\Customers.csv
2020-02-20 10:12:31,834  INFO [ExecutorService Thread - 5] - ing.stockmarket.WriteTransactionsInCSVFile.run 47 - Start writing into file: C:\Users\LU20WO\GeneratedFile\Publisher\Transactions.csv111.csv
2020-02-20 10:12:31,844  INFO [ExecutorService Thread - 7] - ing.stockmarket.WriteCustomersInCSVFile.run 48 - Start writing into file: C:\Users\LU20WO\GeneratedFile\Publisher\Customers.csv
2020-02-20 10:12:31,849  INFO [ExecutorService Thread - 5] - ing.stockmarket.WriteTransactionsInCSVFile.run 47 - Start writing into file: C:\Users\LU20WO\GeneratedFile\Publisher\Transactions.csv111.csv
2020-02-20 10:12:31,849  INFO [ExecutorService Thread - 5] - ing.stockmarket.WriteTransactionsInCSVFile.run 66 - This file was closed successful!

2020-02-20 10:12:31,859  INFO [ExecutorService Thread - 7] - ing.stockmarket.WriteCustomersInCSVFile.run 48 - Start writing into file: C:\Users\LU20WO\GeneratedFile\Publisher\Customers.csv
2020-02-20 10:12:31,874  INFO [ExecutorService Thread - 7] - ing.stockmarket.WriteCustomersInCSVFile.run 48 - Start writing into file: C:\Users\LU20WO\GeneratedFile\Publisher\Customers.csv
2020-02-20 10:12:31,890  INFO [ExecutorService Thread - 7] - ing.stockmarket.WriteCustomersInCSVFile.run 48 - Start writing into file: C:\Users\LU20WO\GeneratedFile\Publisher\Customers.csv
2020-02-20 10:12:31,905  INFO [ExecutorService Thread - 7] - ing.stockmarket.WriteCustomersInCSVFile.run 48 - Start writing into file: C:\Users\LU20WO\GeneratedFile\Publisher\Customers.csv
2020-02-20 10:12:31,920  INFO [ExecutorService Thread - 7] - ing.stockmarket.WriteCustomersInCSVFile.run 48 - Start writing into file: C:\Users\LU20WO\GeneratedFile\Publisher\Customers.csv
2020-02-20 10:12:31,935  INFO [ExecutorService Thread - 7] - ing.stockmarket.WriteCustomersInCSVFile.run 48 - Start writing into file: C:\Users\LU20WO\GeneratedFile\Publisher\Customers.csv
2020-02-20 10:12:31,951  INFO [ExecutorService Thread - 7] - ing.stockmarket.WriteCustomersInCSVFile.run 48 - Start writing into file: C:\Users\LU20WO\GeneratedFile\Publisher\Customers.csv
2020-02-20 10:12:31,966  INFO [ExecutorService Thread - 7] - ing.stockmarket.WriteCustomersInCSVFile.run 48 - Start writing into file: C:\Users\LU20WO\GeneratedFile\Publisher\Customers.csv
2020-02-20 10:12:31,981  INFO [ExecutorService Thread - 7] - ing.stockmarket.WriteCustomersInCSVFile.run 48 - Start writing into file: C:\Users\LU20WO\GeneratedFile\Publisher\Customers.csv
2020-02-20 10:12:31,998  INFO [ExecutorService Thread - 7] - ing.stockmarket.WriteCustomersInCSVFile.run 48 - Start writing into file: C:\Users\LU20WO\GeneratedFile\Publisher\Customers.csv
2020-02-20 10:12:32,014  INFO [ExecutorService Thread - 7] - ing.stockmarket.WriteCustomersInCSVFile.run 48 - Start writing into file: C:\Users\LU20WO\GeneratedFile\Publisher\Customers.csv
2020-02-20 10:12:32,029  INFO [ExecutorService Thread - 7] - ing.stockmarket.WriteCustomersInCSVFile.run 48 - Start writing into file: C:\Users\LU20WO\GeneratedFile\Publisher\Customers.csv
2020-02-20 10:12:32,045  INFO [ExecutorService Thread - 7] - ing.stockmarket.WriteCustomersInCSVFile.run 48 - Start writing into file: C:\Users\LU20WO\GeneratedFile\Publisher\Customers.csv
2020-02-20 10:12:32,060  INFO [ExecutorService Thread - 7] - ing.stockmarket.WriteCustomersInCSVFile.run 48 - Start writing into file: C:\Users\LU20WO\GeneratedFile\Publisher\Customers.csv
2020-02-20 10:12:32,075  INFO [ExecutorService Thread - 7] - ing.stockmarket.WriteCustomersInCSVFile.run 48 - Start writing into file: C:\Users\LU20WO\GeneratedFile\Publisher\Customers.csv
2020-02-20 10:12:32,091  INFO [ExecutorService Thread - 7] - ing.stockmarket.WriteCustomersInCSVFile.run 48 - Start writing into file: C:\Users\LU20WO\GeneratedFile\Publisher\Customers.csv
2020-02-20 10:12:32,107  INFO [ExecutorService Thread - 7] - ing.stockmarket.WriteCustomersInCSVFile.run 48 - Start writing into file: C:\Users\LU20WO\GeneratedFile\Publisher\Customers.csv
2020-02-20 10:12:32,122  INFO [ExecutorService Thread - 7] - ing.stockmarket.WriteCustomersInCSVFile.run 48 - Start writing into file: C:\Users\LU20WO\GeneratedFile\Publisher\Customers.csv
2020-02-20 10:12:32,138  INFO [ExecutorService Thread - 7] - ing.stockmarket.WriteCustomersInCSVFile.run 48 - Start writing into file: C:\Users\LU20WO\GeneratedFile\Publisher\Customers.csv
2020-02-20 10:12:32,154  INFO [ExecutorService Thread - 7] - ing.stockmarket.WriteCustomersInCSVFile.run 48 - Start writing into file: C:\Users\LU20WO\GeneratedFile\Publisher\Customers.csv
2020-02-20 10:12:32,170  INFO [ExecutorService Thread - 7] - ing.stockmarket.WriteCustomersInCSVFile.run 48 - Start writing into file: C:\Users\LU20WO\GeneratedFile\Publisher\Customers.csv
2020-02-20 10:12:32,185  INFO [ExecutorService Thread - 7] - ing.stockmarket.WriteCustomersInCSVFile.run 48 - Start writing into file: C:\Users\LU20WO\GeneratedFile\Publisher\Customers.csv
2020-02-20 10:12:32,201  INFO [ExecutorService Thread - 7] - ing.stockmarket.WriteCustomersInCSVFile.run 48 - Start writing into file: C:\Users\LU20WO\GeneratedFile\Publisher\Customers.csv
2020-02-20 10:12:32,216  INFO [ExecutorService Thread - 7] - ing.stockmarket.WriteCustomersInCSVFile.run 48 - Start writing into file: C:\Users\LU20WO\GeneratedFile\Publisher\Customers.csv
2020-02-20 10:12:32,231  INFO [ExecutorService Thread - 7] - ing.stockmarket.WriteCustomersInCSVFile.run 48 - Start writing into file: C:\Users\LU20WO\GeneratedFile\Publisher\Customers.csv
2020-02-20 10:12:32,246  INFO [ExecutorService Thread - 7] - ing.stockmarket.WriteCustomersInCSVFile.run 48 - Start writing into file: C:\Users\LU20WO\GeneratedFile\Publisher\Customers.csv
2020-02-20 10:12:32,261  INFO [ExecutorService Thread - 7] - ing.stockmarket.WriteCustomersInCSVFile.run 48 - Start writing into file: C:\Users\LU20WO\GeneratedFile\Publisher\Customers.csv
2020-02-20 10:12:32,276  INFO [ExecutorService Thread - 7] - ing.stockmarket.WriteCustomersInCSVFile.run 48 - Start writing into file: C:\Users\LU20WO\GeneratedFile\Publisher\Customers.csv
2020-02-20 10:12:32,292  INFO [ExecutorService Thread - 7] - ing.stockmarket.WriteCustomersInCSVFile.run 48 - Start writing into file: C:\Users\LU20WO\GeneratedFile\Publisher\Customers.csv
2020-02-20 10:12:32,307  INFO [ExecutorService Thread - 7] - ing.stockmarket.WriteCustomersInCSVFile.run 48 - Start writing into file: C:\Users\LU20WO\GeneratedFile\Publisher\Customers.csv
2020-02-20 10:12:32,323  INFO [ExecutorService Thread - 7] - ing.stockmarket.WriteCustomersInCSVFile.run 48 - Start writing into file: C:\Users\LU20WO\GeneratedFile\Publisher\Customers.csv
2020-02-20 10:12:32,338  INFO [ExecutorService Thread - 7] - ing.stockmarket.WriteCustomersInCSVFile.run 48 - Start writing into file: C:\Users\LU20WO\GeneratedFile\Publisher\Customers.csv
2020-02-20 10:12:32,353  INFO [ExecutorService Thread - 7] - ing.stockmarket.WriteCustomersInCSVFile.run 48 - Start writing into file: C:\Users\LU20WO\GeneratedFile\Publisher\Customers.csv
2020-02-20 10:12:32,368  INFO [ExecutorService Thread - 7] - ing.stockmarket.WriteCustomersInCSVFile.run 48 - Start writing into file: C:\Users\LU20WO\GeneratedFile\Publisher\Customers.csv
2020-02-20 10:12:32,384  INFO [ExecutorService Thread - 7] - ing.stockmarket.WriteCustomersInCSVFile.run 48 - Start writing into file: C:\Users\LU20WO\GeneratedFile\Publisher\Customers.csv
2020-02-20 10:12:32,400  INFO [ExecutorService Thread - 7] - ing.stockmarket.WriteCustomersInCSVFile.run 48 - Start writing into file: C:\Users\LU20WO\GeneratedFile\Publisher\Customers.csv
2020-02-20 10:12:32,401  INFO [ExecutorService Thread - 7] - ing.stockmarket.WriteCustomersInCSVFile.run 72 - This file was closed successful!

2020-02-20 10:12:36,631  INFO [ExecutorService Thread - 2] - ing.stockmarket.GenerateTransactionsThread.run 29 - Start generating a random array of transactions!
2020-02-20 10:12:36,632  INFO [ExecutorService Thread - 4] - ing.stockmarket.GenerateInstrumentsThread.run 31 - Start generating a random array of instruments!
2020-02-20 10:12:36,632  INFO [ExecutorService Thread - 7] - ing.stockmarket.WriteInstrumentsInCSVFile.run 31 - The date when the data is written in the CSV file is :Thu Feb 20 10:12:36 EET 2020
2020-02-20 10:12:36,631  INFO [ExecutorService Thread - 5] - ing.stockmarket.WriteCustomersInCSVFile.run 30 - The date when the data is written in the CSV file is :Thu Feb 20 10:12:36 EET 2020
2020-02-20 10:12:36,631  INFO [ExecutorService Thread - 8] - ing.stockmarket.GenerateCustomerThread.run 30 - Start generating a random array of customers!
2020-02-20 10:12:36,631  INFO [ExecutorService Thread - 1] - ing.stockmarket.WriteTransactionsInCSVFile.run 27 - The date when the data is written in the CSV file is :Thu Feb 20 10:12:36 EET 2020
2020-02-20 10:12:36,673  INFO [ExecutorService Thread - 7] - ing.stockmarket.WriteInstrumentsInCSVFile.run 52 - Start writing into file: C:\Users\LU20WO\GeneratedFile\Publisher\Instruments.csv
2020-02-20 10:12:36,673  INFO [ExecutorService Thread - 1] - ing.stockmarket.WriteTransactionsInCSVFile.run 47 - Start writing into file: C:\Users\LU20WO\GeneratedFile\Publisher\Transactions.csv111.csv
2020-02-20 10:12:36,673  INFO [ExecutorService Thread - 5] - ing.stockmarket.WriteCustomersInCSVFile.run 48 - Start writing into file: C:\Users\LU20WO\GeneratedFile\Publisher\Customers.csv
2020-02-20 10:12:36,674  INFO [ExecutorService Thread - 1] - ing.stockmarket.WriteTransactionsInCSVFile.run 47 - Start writing into file: C:\Users\LU20WO\GeneratedFile\Publisher\Transactions.csv111.csv
2020-02-20 10:12:36,674  INFO [ExecutorService Thread - 7] - ing.stockmarket.WriteInstrumentsInCSVFile.run 52 - Start writing into file: C:\Users\LU20WO\GeneratedFile\Publisher\Instruments.csv
2020-02-20 10:12:36,674  INFO [ExecutorService Thread - 1] - ing.stockmarket.WriteTransactionsInCSVFile.run 47 - Start writing into file: C:\Users\LU20WO\GeneratedFile\Publisher\Transactions.csv111.csv
2020-02-20 10:12:36,674  INFO [ExecutorService Thread - 5] - ing.stockmarket.WriteCustomersInCSVFile.run 48 - Start writing into file: C:\Users\LU20WO\GeneratedFile\Publisher\Customers.csv
2020-02-20 10:12:36,674  INFO [ExecutorService Thread - 7] - ing.stockmarket.WriteInstrumentsInCSVFile.run 52 - Start writing into file: C:\Users\LU20WO\GeneratedFile\Publisher\Instruments.csv
2020-02-20 10:12:36,674  INFO [ExecutorService Thread - 5] - ing.stockmarket.WriteCustomersInCSVFile.run 48 - Start writing into file: C:\Users\LU20WO\GeneratedFile\Publisher\Customers.csv
2020-02-20 10:12:36,676  INFO [ExecutorService Thread - 1] - ing.stockmarket.WriteTransactionsInCSVFile.run 47 - Start writing into file: C:\Users\LU20WO\GeneratedFile\Publisher\Transactions.csv111.csv
2020-02-20 10:12:36,678  INFO [ExecutorService Thread - 5] - ing.stockmarket.WriteCustomersInCSVFile.run 48 - Start writing into file: C:\Users\LU20WO\GeneratedFile\Publisher\Customers.csv
2020-02-20 10:12:36,678  INFO [ExecutorService Thread - 7] - ing.stockmarket.WriteInstrumentsInCSVFile.run 52 - Start writing into file: C:\Users\LU20WO\GeneratedFile\Publisher\Instruments.csv
2020-02-20 10:12:36,691  INFO [ExecutorService Thread - 1] - ing.stockmarket.WriteTransactionsInCSVFile.run 47 - Start writing into file: C:\Users\LU20WO\GeneratedFile\Publisher\Transactions.csv111.csv
2020-02-20 10:12:36,693  INFO [ExecutorService Thread - 5] - ing.stockmarket.WriteCustomersInCSVFile.run 48 - Start writing into file: C:\Users\LU20WO\GeneratedFile\Publisher\Customers.csv
2020-02-20 10:12:36,693  INFO [ExecutorService Thread - 7] - ing.stockmarket.WriteInstrumentsInCSVFile.run 52 - Start writing into file: C:\Users\LU20WO\GeneratedFile\Publisher\Instruments.csv
2020-02-20 10:12:36,706  INFO [ExecutorService Thread - 1] - ing.stockmarket.WriteTransactionsInCSVFile.run 47 - Start writing into file: C:\Users\LU20WO\GeneratedFile\Publisher\Transactions.csv111.csv
2020-02-20 10:12:36,709  INFO [ExecutorService Thread - 7] - ing.stockmarket.WriteInstrumentsInCSVFile.run 52 - Start writing into file: C:\Users\LU20WO\GeneratedFile\Publisher\Instruments.csv
2020-02-20 10:12:36,709  INFO [ExecutorService Thread - 5] - ing.stockmarket.WriteCustomersInCSVFile.run 48 - Start writing into file: C:\Users\LU20WO\GeneratedFile\Publisher\Customers.csv
2020-02-20 10:12:36,720  INFO [ExecutorService Thread - 1] - ing.stockmarket.WriteTransactionsInCSVFile.run 47 - Start writing into file: C:\Users\LU20WO\GeneratedFile\Publisher\Transactions.csv111.csv
2020-02-20 10:12:36,724  INFO [ExecutorService Thread - 5] - ing.stockmarket.WriteCustomersInCSVFile.run 48 - Start writing into file: C:\Users\LU20WO\GeneratedFile\Publisher\Customers.csv
2020-02-20 10:12:36,724  INFO [ExecutorService Thread - 7] - ing.stockmarket.WriteInstrumentsInCSVFile.run 52 - Start writing into file: C:\Users\LU20WO\GeneratedFile\Publisher\Instruments.csv
2020-02-20 10:12:36,735  INFO [ExecutorService Thread - 1] - ing.stockmarket.WriteTransactionsInCSVFile.run 47 - Start writing into file: C:\Users\LU20WO\GeneratedFile\Publisher\Transactions.csv111.csv
2020-02-20 10:12:36,740  INFO [ExecutorService Thread - 7] - ing.stockmarket.WriteInstrumentsInCSVFile.run 52 - Start writing into file: C:\Users\LU20WO\GeneratedFile\Publisher\Instruments.csv
2020-02-20 10:12:36,740  INFO [ExecutorService Thread - 5] - ing.stockmarket.WriteCustomersInCSVFile.run 48 - Start writing into file: C:\Users\LU20WO\GeneratedFile\Publisher\Customers.csv
2020-02-20 10:12:36,750  INFO [ExecutorService Thread - 1] - ing.stockmarket.WriteTransactionsInCSVFile.run 47 - Start writing into file: C:\Users\LU20WO\GeneratedFile\Publisher\Transactions.csv111.csv
2020-02-20 10:12:36,756  INFO [ExecutorService Thread - 5] - ing.stockmarket.WriteCustomersInCSVFile.run 48 - Start writing into file: C:\Users\LU20WO\GeneratedFile\Publisher\Customers.csv
2020-02-20 10:12:36,756  INFO [ExecutorService Thread - 7] - ing.stockmarket.WriteInstrumentsInCSVFile.run 52 - Start writing into file: C:\Users\LU20WO\GeneratedFile\Publisher\Instruments.csv
2020-02-20 10:12:36,764  INFO [ExecutorService Thread - 1] - ing.stockmarket.WriteTransactionsInCSVFile.run 47 - Start writing into file: C:\Users\LU20WO\GeneratedFile\Publisher\Transactions.csv111.csv
2020-02-20 10:12:36,771  INFO [ExecutorService Thread - 5] - ing.stockmarket.WriteCustomersInCSVFile.run 48 - Start writing into file: C:\Users\LU20WO\GeneratedFile\Publisher\Customers.csv
2020-02-20 10:12:36,771  INFO [ExecutorService Thread - 7] - ing.stockmarket.WriteInstrumentsInCSVFile.run 52 - Start writing into file: C:\Users\LU20WO\GeneratedFile\Publisher\Instruments.csv
2020-02-20 10:12:36,771  INFO [ExecutorService Thread - 7] - ing.stockmarket.WriteInstrumentsInCSVFile.run 79 - This file was closed successful!

2020-02-20 10:12:36,778  INFO [ExecutorService Thread - 1] - ing.stockmarket.WriteTransactionsInCSVFile.run 47 - Start writing into file: C:\Users\LU20WO\GeneratedFile\Publisher\Transactions.csv111.csv
2020-02-20 10:12:36,786  INFO [ExecutorService Thread - 5] - ing.stockmarket.WriteCustomersInCSVFile.run 48 - Start writing into file: C:\Users\LU20WO\GeneratedFile\Publisher\Customers.csv
2020-02-20 10:12:36,792  INFO [ExecutorService Thread - 1] - ing.stockmarket.WriteTransactionsInCSVFile.run 47 - Start writing into file: C:\Users\LU20WO\GeneratedFile\Publisher\Transactions.csv111.csv
2020-02-20 10:12:36,801  INFO [ExecutorService Thread - 5] - ing.stockmarket.WriteCustomersInCSVFile.run 48 - Start writing into file: C:\Users\LU20WO\GeneratedFile\Publisher\Customers.csv
2020-02-20 10:12:36,807  INFO [ExecutorService Thread - 1] - ing.stockmarket.WriteTransactionsInCSVFile.run 47 - Start writing into file: C:\Users\LU20WO\GeneratedFile\Publisher\Transactions.csv111.csv
2020-02-20 10:12:36,816  INFO [ExecutorService Thread - 5] - ing.stockmarket.WriteCustomersInCSVFile.run 48 - Start writing into file: C:\Users\LU20WO\GeneratedFile\Publisher\Customers.csv
2020-02-20 10:12:36,822  INFO [ExecutorService Thread - 1] - ing.stockmarket.WriteTransactionsInCSVFile.run 47 - Start writing into file: C:\Users\LU20WO\GeneratedFile\Publisher\Transactions.csv111.csv
2020-02-20 10:12:36,832  INFO [ExecutorService Thread - 5] - ing.stockmarket.WriteCustomersInCSVFile.run 48 - Start writing into file: C:\Users\LU20WO\GeneratedFile\Publisher\Customers.csv
2020-02-20 10:12:36,836  INFO [ExecutorService Thread - 1] - ing.stockmarket.WriteTransactionsInCSVFile.run 47 - Start writing into file: C:\Users\LU20WO\GeneratedFile\Publisher\Transactions.csv111.csv
2020-02-20 10:12:36,836  INFO [ExecutorService Thread - 1] - ing.stockmarket.WriteTransactionsInCSVFile.run 66 - This file was closed successful!

2020-02-20 10:12:36,847  INFO [ExecutorService Thread - 5] - ing.stockmarket.WriteCustomersInCSVFile.run 48 - Start writing into file: C:\Users\LU20WO\GeneratedFile\Publisher\Customers.csv
2020-02-20 10:12:36,863  INFO [ExecutorService Thread - 5] - ing.stockmarket.WriteCustomersInCSVFile.run 48 - Start writing into file: C:\Users\LU20WO\GeneratedFile\Publisher\Customers.csv
2020-02-20 10:12:36,878  INFO [ExecutorService Thread - 5] - ing.stockmarket.WriteCustomersInCSVFile.run 48 - Start writing into file: C:\Users\LU20WO\GeneratedFile\Publisher\Customers.csv
2020-02-20 10:12:36,893  INFO [ExecutorService Thread - 5] - ing.stockmarket.WriteCustomersInCSVFile.run 48 - Start writing into file: C:\Users\LU20WO\GeneratedFile\Publisher\Customers.csv
2020-02-20 10:12:36,909  INFO [ExecutorService Thread - 5] - ing.stockmarket.WriteCustomersInCSVFile.run 48 - Start writing into file: C:\Users\LU20WO\GeneratedFile\Publisher\Customers.csv
2020-02-20 10:12:36,924  INFO [ExecutorService Thread - 5] - ing.stockmarket.WriteCustomersInCSVFile.run 48 - Start writing into file: C:\Users\LU20WO\GeneratedFile\Publisher\Customers.csv
2020-02-20 10:12:36,939  INFO [ExecutorService Thread - 5] - ing.stockmarket.WriteCustomersInCSVFile.run 48 - Start writing into file: C:\Users\LU20WO\GeneratedFile\Publisher\Customers.csv
2020-02-20 10:12:36,955  INFO [ExecutorService Thread - 5] - ing.stockmarket.WriteCustomersInCSVFile.run 48 - Start writing into file: C:\Users\LU20WO\GeneratedFile\Publisher\Customers.csv
2020-02-20 10:12:36,970  INFO [ExecutorService Thread - 5] - ing.stockmarket.WriteCustomersInCSVFile.run 48 - Start writing into file: C:\Users\LU20WO\GeneratedFile\Publisher\Customers.csv
2020-02-20 10:12:36,986  INFO [ExecutorService Thread - 5] - ing.stockmarket.WriteCustomersInCSVFile.run 48 - Start writing into file: C:\Users\LU20WO\GeneratedFile\Publisher\Customers.csv
2020-02-20 10:12:37,001  INFO [ExecutorService Thread - 5] - ing.stockmarket.WriteCustomersInCSVFile.run 48 - Start writing into file: C:\Users\LU20WO\GeneratedFile\Publisher\Customers.csv
2020-02-20 10:12:37,016  INFO [ExecutorService Thread - 5] - ing.stockmarket.WriteCustomersInCSVFile.run 48 - Start writing into file: C:\Users\LU20WO\GeneratedFile\Publisher\Customers.csv
2020-02-20 10:12:37,031  INFO [ExecutorService Thread - 5] - ing.stockmarket.WriteCustomersInCSVFile.run 48 - Start writing into file: C:\Users\LU20WO\GeneratedFile\Publisher\Customers.csv
2020-02-20 10:12:37,047  INFO [ExecutorService Thread - 5] - ing.stockmarket.WriteCustomersInCSVFile.run 48 - Start writing into file: C:\Users\LU20WO\GeneratedFile\Publisher\Customers.csv
2020-02-20 10:12:37,062  INFO [ExecutorService Thread - 5] - ing.stockmarket.WriteCustomersInCSVFile.run 48 - Start writing into file: C:\Users\LU20WO\GeneratedFile\Publisher\Customers.csv
2020-02-20 10:12:37,077  INFO [ExecutorService Thread - 5] - ing.stockmarket.WriteCustomersInCSVFile.run 48 - Start writing into file: C:\Users\LU20WO\GeneratedFile\Publisher\Customers.csv
2020-02-20 10:12:37,092  INFO [ExecutorService Thread - 5] - ing.stockmarket.WriteCustomersInCSVFile.run 48 - Start writing into file: C:\Users\LU20WO\GeneratedFile\Publisher\Customers.csv
2020-02-20 10:12:37,107  INFO [ExecutorService Thread - 5] - ing.stockmarket.WriteCustomersInCSVFile.run 48 - Start writing into file: C:\Users\LU20WO\GeneratedFile\Publisher\Customers.csv
2020-02-20 10:12:37,123  INFO [ExecutorService Thread - 5] - ing.stockmarket.WriteCustomersInCSVFile.run 48 - Start writing into file: C:\Users\LU20WO\GeneratedFile\Publisher\Customers.csv
2020-02-20 10:12:37,138  INFO [ExecutorService Thread - 5] - ing.stockmarket.WriteCustomersInCSVFile.run 48 - Start writing into file: C:\Users\LU20WO\GeneratedFile\Publisher\Customers.csv
2020-02-20 10:12:37,154  INFO [ExecutorService Thread - 5] - ing.stockmarket.WriteCustomersInCSVFile.run 48 - Start writing into file: C:\Users\LU20WO\GeneratedFile\Publisher\Customers.csv
2020-02-20 10:12:37,169  INFO [ExecutorService Thread - 5] - ing.stockmarket.WriteCustomersInCSVFile.run 48 - Start writing into file: C:\Users\LU20WO\GeneratedFile\Publisher\Customers.csv
2020-02-20 10:12:37,184  INFO [ExecutorService Thread - 5] - ing.stockmarket.WriteCustomersInCSVFile.run 48 - Start writing into file: C:\Users\LU20WO\GeneratedFile\Publisher\Customers.csv
2020-02-20 10:12:37,200  INFO [ExecutorService Thread - 5] - ing.stockmarket.WriteCustomersInCSVFile.run 48 - Start writing into file: C:\Users\LU20WO\GeneratedFile\Publisher\Customers.csv
2020-02-20 10:12:37,215  INFO [ExecutorService Thread - 5] - ing.stockmarket.WriteCustomersInCSVFile.run 48 - Start writing into file: C:\Users\LU20WO\GeneratedFile\Publisher\Customers.csv
2020-02-20 10:12:37,230  INFO [ExecutorService Thread - 5] - ing.stockmarket.WriteCustomersInCSVFile.run 48 - Start writing into file: C:\Users\LU20WO\GeneratedFile\Publisher\Customers.csv
2020-02-20 10:12:37,245  INFO [ExecutorService Thread - 5] - ing.stockmarket.WriteCustomersInCSVFile.run 48 - Start writing into file: C:\Users\LU20WO\GeneratedFile\Publisher\Customers.csv
2020-02-20 10:12:37,260  INFO [ExecutorService Thread - 5] - ing.stockmarket.WriteCustomersInCSVFile.run 48 - Start writing into file: C:\Users\LU20WO\GeneratedFile\Publisher\Customers.csv
2020-02-20 10:12:37,275  INFO [ExecutorService Thread - 5] - ing.stockmarket.WriteCustomersInCSVFile.run 48 - Start writing into file: C:\Users\LU20WO\GeneratedFile\Publisher\Customers.csv
2020-02-20 10:12:37,291  INFO [ExecutorService Thread - 5] - ing.stockmarket.WriteCustomersInCSVFile.run 48 - Start writing into file: C:\Users\LU20WO\GeneratedFile\Publisher\Customers.csv
2020-02-20 10:12:37,307  INFO [ExecutorService Thread - 5] - ing.stockmarket.WriteCustomersInCSVFile.run 48 - Start writing into file: C:\Users\LU20WO\GeneratedFile\Publisher\Customers.csv
2020-02-20 10:12:37,322  INFO [ExecutorService Thread - 5] - ing.stockmarket.WriteCustomersInCSVFile.run 48 - Start writing into file: C:\Users\LU20WO\GeneratedFile\Publisher\Customers.csv
2020-02-20 10:12:37,338  INFO [ExecutorService Thread - 5] - ing.stockmarket.WriteCustomersInCSVFile.run 48 - Start writing into file: C:\Users\LU20WO\GeneratedFile\Publisher\Customers.csv
2020-02-20 10:12:37,353  INFO [ExecutorService Thread - 5] - ing.stockmarket.WriteCustomersInCSVFile.run 48 - Start writing into file: C:\Users\LU20WO\GeneratedFile\Publisher\Customers.csv
2020-02-20 10:12:37,369  INFO [ExecutorService Thread - 5] - ing.stockmarket.WriteCustomersInCSVFile.run 48 - Start writing into file: C:\Users\LU20WO\GeneratedFile\Publisher\Customers.csv
2020-02-20 10:12:37,385  INFO [ExecutorService Thread - 5] - ing.stockmarket.WriteCustomersInCSVFile.run 48 - Start writing into file: C:\Users\LU20WO\GeneratedFile\Publisher\Customers.csv
2020-02-20 10:12:37,385  INFO [ExecutorService Thread - 5] - ing.stockmarket.WriteCustomersInCSVFile.run 72 - This file was closed successful!

2020-02-20 10:12:41,631  INFO [ExecutorService Thread - 6] - ing.stockmarket.GenerateTransactionsThread.run 29 - Start generating a random array of transactions!
2020-02-20 10:12:41,631  INFO [ExecutorService Thread - 3] - ing.stockmarket.WriteCustomersInCSVFile.run 30 - The date when the data is written in the CSV file is :Thu Feb 20 10:12:41 EET 2020
2020-02-20 10:12:41,631  INFO [ExecutorService Thread - 2] - ing.stockmarket.WriteInstrumentsInCSVFile.run 31 - The date when the data is written in the CSV file is :Thu Feb 20 10:12:41 EET 2020
2020-02-20 10:12:41,631  INFO [ExecutorService Thread - 7] - ing.stockmarket.WriteTransactionsInCSVFile.run 27 - The date when the data is written in the CSV file is :Thu Feb 20 10:12:41 EET 2020
2020-02-20 10:12:41,631  INFO [ExecutorService Thread - 4] - ing.stockmarket.GenerateCustomerThread.run 30 - Start generating a random array of customers!
2020-02-20 10:12:41,631  INFO [ExecutorService Thread - 1] - ing.stockmarket.GenerateInstrumentsThread.run 31 - Start generating a random array of instruments!
2020-02-20 10:12:41,642  INFO [ExecutorService Thread - 8] - DatabaseConnection.WriteIntoDatabase.run 38 - Connecting to TradingPlatform database!
2020-02-20 10:12:41,673  INFO [ExecutorService Thread - 7] - ing.stockmarket.WriteTransactionsInCSVFile.run 47 - Start writing into file: C:\Users\LU20WO\GeneratedFile\Publisher\Transactions.csv111.csv
2020-02-20 10:12:41,673  INFO [ExecutorService Thread - 3] - ing.stockmarket.WriteCustomersInCSVFile.run 48 - Start writing into file: C:\Users\LU20WO\GeneratedFile\Publisher\Customers.csv
2020-02-20 10:12:41,673  INFO [ExecutorService Thread - 7] - ing.stockmarket.WriteTransactionsInCSVFile.run 47 - Start writing into file: C:\Users\LU20WO\GeneratedFile\Publisher\Transactions.csv111.csv
2020-02-20 10:12:41,673  INFO [ExecutorService Thread - 3] - ing.stockmarket.WriteCustomersInCSVFile.run 48 - Start writing into file: C:\Users\LU20WO\GeneratedFile\Publisher\Customers.csv
2020-02-20 10:12:41,673  INFO [ExecutorService Thread - 2] - ing.stockmarket.WriteInstrumentsInCSVFile.run 52 - Start writing into file: C:\Users\LU20WO\GeneratedFile\Publisher\Instruments.csv
2020-02-20 10:12:41,673  INFO [ExecutorService Thread - 7] - ing.stockmarket.WriteTransactionsInCSVFile.run 47 - Start writing into file: C:\Users\LU20WO\GeneratedFile\Publisher\Transactions.csv111.csv
2020-02-20 10:12:41,673  INFO [ExecutorService Thread - 2] - ing.stockmarket.WriteInstrumentsInCSVFile.run 52 - Start writing into file: C:\Users\LU20WO\GeneratedFile\Publisher\Instruments.csv
2020-02-20 10:12:41,673  INFO [ExecutorService Thread - 3] - ing.stockmarket.WriteCustomersInCSVFile.run 48 - Start writing into file: C:\Users\LU20WO\GeneratedFile\Publisher\Customers.csv
2020-02-20 10:12:41,674  INFO [ExecutorService Thread - 2] - ing.stockmarket.WriteInstrumentsInCSVFile.run 52 - Start writing into file: C:\Users\LU20WO\GeneratedFile\Publisher\Instruments.csv
2020-02-20 10:12:41,674  INFO [ExecutorService Thread - 7] - ing.stockmarket.WriteTransactionsInCSVFile.run 47 - Start writing into file: C:\Users\LU20WO\GeneratedFile\Publisher\Transactions.csv111.csv
2020-02-20 10:12:41,678  INFO [ExecutorService Thread - 3] - ing.stockmarket.WriteCustomersInCSVFile.run 48 - Start writing into file: C:\Users\LU20WO\GeneratedFile\Publisher\Customers.csv
2020-02-20 10:12:41,678  INFO [ExecutorService Thread - 2] - ing.stockmarket.WriteInstrumentsInCSVFile.run 52 - Start writing into file: C:\Users\LU20WO\GeneratedFile\Publisher\Instruments.csv
2020-02-20 10:12:41,689  INFO [ExecutorService Thread - 7] - ing.stockmarket.WriteTransactionsInCSVFile.run 47 - Start writing into file: C:\Users\LU20WO\GeneratedFile\Publisher\Transactions.csv111.csv
2020-02-20 10:12:41,693  INFO [ExecutorService Thread - 3] - ing.stockmarket.WriteCustomersInCSVFile.run 48 - Start writing into file: C:\Users\LU20WO\GeneratedFile\Publisher\Customers.csv
2020-02-20 10:12:41,693  INFO [ExecutorService Thread - 2] - ing.stockmarket.WriteInstrumentsInCSVFile.run 52 - Start writing into file: C:\Users\LU20WO\GeneratedFile\Publisher\Instruments.csv
2020-02-20 10:12:41,703  INFO [ExecutorService Thread - 7] - ing.stockmarket.WriteTransactionsInCSVFile.run 47 - Start writing into file: C:\Users\LU20WO\GeneratedFile\Publisher\Transactions.csv111.csv
2020-02-20 10:12:41,709  INFO [ExecutorService Thread - 3] - ing.stockmarket.WriteCustomersInCSVFile.run 48 - Start writing into file: C:\Users\LU20WO\GeneratedFile\Publisher\Customers.csv
2020-02-20 10:12:41,709  INFO [ExecutorService Thread - 2] - ing.stockmarket.WriteInstrumentsInCSVFile.run 52 - Start writing into file: C:\Users\LU20WO\GeneratedFile\Publisher\Instruments.csv
2020-02-20 10:12:41,718  INFO [ExecutorService Thread - 7] - ing.stockmarket.WriteTransactionsInCSVFile.run 47 - Start writing into file: C:\Users\LU20WO\GeneratedFile\Publisher\Transactions.csv111.csv
2020-02-20 10:12:41,724  INFO [ExecutorService Thread - 2] - ing.stockmarket.WriteInstrumentsInCSVFile.run 52 - Start writing into file: C:\Users\LU20WO\GeneratedFile\Publisher\Instruments.csv
2020-02-20 10:12:41,724  INFO [ExecutorService Thread - 3] - ing.stockmarket.WriteCustomersInCSVFile.run 48 - Start writing into file: C:\Users\LU20WO\GeneratedFile\Publisher\Customers.csv
2020-02-20 10:12:41,732  INFO [ExecutorService Thread - 7] - ing.stockmarket.WriteTransactionsInCSVFile.run 47 - Start writing into file: C:\Users\LU20WO\GeneratedFile\Publisher\Transactions.csv111.csv
2020-02-20 10:12:41,739  INFO [ExecutorService Thread - 3] - ing.stockmarket.WriteCustomersInCSVFile.run 48 - Start writing into file: C:\Users\LU20WO\GeneratedFile\Publisher\Customers.csv
2020-02-20 10:12:41,739  INFO [ExecutorService Thread - 2] - ing.stockmarket.WriteInstrumentsInCSVFile.run 52 - Start writing into file: C:\Users\LU20WO\GeneratedFile\Publisher\Instruments.csv
2020-02-20 10:12:41,746  INFO [ExecutorService Thread - 7] - ing.stockmarket.WriteTransactionsInCSVFile.run 47 - Start writing into file: C:\Users\LU20WO\GeneratedFile\Publisher\Transactions.csv111.csv
2020-02-20 10:12:41,755  INFO [ExecutorService Thread - 2] - ing.stockmarket.WriteInstrumentsInCSVFile.run 52 - Start writing into file: C:\Users\LU20WO\GeneratedFile\Publisher\Instruments.csv
2020-02-20 10:12:41,755  INFO [ExecutorService Thread - 3] - ing.stockmarket.WriteCustomersInCSVFile.run 48 - Start writing into file: C:\Users\LU20WO\GeneratedFile\Publisher\Customers.csv
2020-02-20 10:12:41,761  INFO [ExecutorService Thread - 7] - ing.stockmarket.WriteTransactionsInCSVFile.run 47 - Start writing into file: C:\Users\LU20WO\GeneratedFile\Publisher\Transactions.csv111.csv
2020-02-20 10:12:41,771  INFO [ExecutorService Thread - 3] - ing.stockmarket.WriteCustomersInCSVFile.run 48 - Start writing into file: C:\Users\LU20WO\GeneratedFile\Publisher\Customers.csv
2020-02-20 10:12:41,771  INFO [ExecutorService Thread - 2] - ing.stockmarket.WriteInstrumentsInCSVFile.run 52 - Start writing into file: C:\Users\LU20WO\GeneratedFile\Publisher\Instruments.csv
2020-02-20 10:12:41,771  INFO [ExecutorService Thread - 2] - ing.stockmarket.WriteInstrumentsInCSVFile.run 79 - This file was closed successful!

2020-02-20 10:12:41,776  INFO [ExecutorService Thread - 7] - ing.stockmarket.WriteTransactionsInCSVFile.run 47 - Start writing into file: C:\Users\LU20WO\GeneratedFile\Publisher\Transactions.csv111.csv
2020-02-20 10:12:41,786  INFO [ExecutorService Thread - 3] - ing.stockmarket.WriteCustomersInCSVFile.run 48 - Start writing into file: C:\Users\LU20WO\GeneratedFile\Publisher\Customers.csv
2020-02-20 10:12:41,790  INFO [ExecutorService Thread - 7] - ing.stockmarket.WriteTransactionsInCSVFile.run 47 - Start writing into file: C:\Users\LU20WO\GeneratedFile\Publisher\Transactions.csv111.csv
2020-02-20 10:12:41,802  INFO [ExecutorService Thread - 3] - ing.stockmarket.WriteCustomersInCSVFile.run 48 - Start writing into file: C:\Users\LU20WO\GeneratedFile\Publisher\Customers.csv
2020-02-20 10:12:41,805  INFO [ExecutorService Thread - 7] - ing.stockmarket.WriteTransactionsInCSVFile.run 47 - Start writing into file: C:\Users\LU20WO\GeneratedFile\Publisher\Transactions.csv111.csv
2020-02-20 10:12:41,817  INFO [ExecutorService Thread - 3] - ing.stockmarket.WriteCustomersInCSVFile.run 48 - Start writing into file: C:\Users\LU20WO\GeneratedFile\Publisher\Customers.csv
2020-02-20 10:12:41,819  INFO [ExecutorService Thread - 7] - ing.stockmarket.WriteTransactionsInCSVFile.run 47 - Start writing into file: C:\Users\LU20WO\GeneratedFile\Publisher\Transactions.csv111.csv
2020-02-20 10:12:41,833  INFO [ExecutorService Thread - 3] - ing.stockmarket.WriteCustomersInCSVFile.run 48 - Start writing into file: C:\Users\LU20WO\GeneratedFile\Publisher\Customers.csv
2020-02-20 10:12:41,833  INFO [ExecutorService Thread - 7] - ing.stockmarket.WriteTransactionsInCSVFile.run 47 - Start writing into file: C:\Users\LU20WO\GeneratedFile\Publisher\Transactions.csv111.csv
2020-02-20 10:12:41,833  INFO [ExecutorService Thread - 7] - ing.stockmarket.WriteTransactionsInCSVFile.run 66 - This file was closed successful!

2020-02-20 10:12:41,849  INFO [ExecutorService Thread - 3] - ing.stockmarket.WriteCustomersInCSVFile.run 48 - Start writing into file: C:\Users\LU20WO\GeneratedFile\Publisher\Customers.csv
2020-02-20 10:12:41,865  INFO [ExecutorService Thread - 3] - ing.stockmarket.WriteCustomersInCSVFile.run 48 - Start writing into file: C:\Users\LU20WO\GeneratedFile\Publisher\Customers.csv
2020-02-20 10:12:41,880  INFO [ExecutorService Thread - 3] - ing.stockmarket.WriteCustomersInCSVFile.run 48 - Start writing into file: C:\Users\LU20WO\GeneratedFile\Publisher\Customers.csv
2020-02-20 10:12:41,896  INFO [ExecutorService Thread - 3] - ing.stockmarket.WriteCustomersInCSVFile.run 48 - Start writing into file: C:\Users\LU20WO\GeneratedFile\Publisher\Customers.csv
2020-02-20 10:12:41,912  INFO [ExecutorService Thread - 3] - ing.stockmarket.WriteCustomersInCSVFile.run 48 - Start writing into file: C:\Users\LU20WO\GeneratedFile\Publisher\Customers.csv
2020-02-20 10:12:41,928  INFO [ExecutorService Thread - 3] - ing.stockmarket.WriteCustomersInCSVFile.run 48 - Start writing into file: C:\Users\LU20WO\GeneratedFile\Publisher\Customers.csv
2020-02-20 10:12:41,943  INFO [ExecutorService Thread - 3] - ing.stockmarket.WriteCustomersInCSVFile.run 48 - Start writing into file: C:\Users\LU20WO\GeneratedFile\Publisher\Customers.csv
2020-02-20 10:12:41,959  INFO [ExecutorService Thread - 3] - ing.stockmarket.WriteCustomersInCSVFile.run 48 - Start writing into file: C:\Users\LU20WO\GeneratedFile\Publisher\Customers.csv
2020-02-20 10:12:41,975  INFO [ExecutorService Thread - 3] - ing.stockmarket.WriteCustomersInCSVFile.run 48 - Start writing into file: C:\Users\LU20WO\GeneratedFile\Publisher\Customers.csv
2020-02-20 10:12:41,990  INFO [ExecutorService Thread - 3] - ing.stockmarket.WriteCustomersInCSVFile.run 48 - Start writing into file: C:\Users\LU20WO\GeneratedFile\Publisher\Customers.csv
2020-02-20 10:12:42,006  INFO [ExecutorService Thread - 3] - ing.stockmarket.WriteCustomersInCSVFile.run 48 - Start writing into file: C:\Users\LU20WO\GeneratedFile\Publisher\Customers.csv
2020-02-20 10:12:42,022  INFO [ExecutorService Thread - 3] - ing.stockmarket.WriteCustomersInCSVFile.run 48 - Start writing into file: C:\Users\LU20WO\GeneratedFile\Publisher\Customers.csv
2020-02-20 10:12:42,037  INFO [ExecutorService Thread - 3] - ing.stockmarket.WriteCustomersInCSVFile.run 48 - Start writing into file: C:\Users\LU20WO\GeneratedFile\Publisher\Customers.csv
2020-02-20 10:12:42,052  INFO [ExecutorService Thread - 3] - ing.stockmarket.WriteCustomersInCSVFile.run 48 - Start writing into file: C:\Users\LU20WO\GeneratedFile\Publisher\Customers.csv
2020-02-20 10:12:42,068  INFO [ExecutorService Thread - 3] - ing.stockmarket.WriteCustomersInCSVFile.run 48 - Start writing into file: C:\Users\LU20WO\GeneratedFile\Publisher\Customers.csv
2020-02-20 10:12:42,084  INFO [ExecutorService Thread - 3] - ing.stockmarket.WriteCustomersInCSVFile.run 48 - Start writing into file: C:\Users\LU20WO\GeneratedFile\Publisher\Customers.csv
2020-02-20 10:12:42,099  INFO [ExecutorService Thread - 3] - ing.stockmarket.WriteCustomersInCSVFile.run 48 - Start writing into file: C:\Users\LU20WO\GeneratedFile\Publisher\Customers.csv
2020-02-20 10:12:42,114  INFO [ExecutorService Thread - 3] - ing.stockmarket.WriteCustomersInCSVFile.run 48 - Start writing into file: C:\Users\LU20WO\GeneratedFile\Publisher\Customers.csv
2020-02-20 10:12:42,130  INFO [ExecutorService Thread - 3] - ing.stockmarket.WriteCustomersInCSVFile.run 48 - Start writing into file: C:\Users\LU20WO\GeneratedFile\Publisher\Customers.csv
2020-02-20 10:12:42,146  INFO [ExecutorService Thread - 3] - ing.stockmarket.WriteCustomersInCSVFile.run 48 - Start writing into file: C:\Users\LU20WO\GeneratedFile\Publisher\Customers.csv
2020-02-20 10:12:42,161  INFO [ExecutorService Thread - 3] - ing.stockmarket.WriteCustomersInCSVFile.run 48 - Start writing into file: C:\Users\LU20WO\GeneratedFile\Publisher\Customers.csv
2020-02-20 10:12:42,177  INFO [ExecutorService Thread - 3] - ing.stockmarket.WriteCustomersInCSVFile.run 48 - Start writing into file: C:\Users\LU20WO\GeneratedFile\Publisher\Customers.csv
2020-02-20 10:12:42,192  INFO [ExecutorService Thread - 3] - ing.stockmarket.WriteCustomersInCSVFile.run 48 - Start writing into file: C:\Users\LU20WO\GeneratedFile\Publisher\Customers.csv
2020-02-20 10:12:42,208  INFO [ExecutorService Thread - 3] - ing.stockmarket.WriteCustomersInCSVFile.run 48 - Start writing into file: C:\Users\LU20WO\GeneratedFile\Publisher\Customers.csv
2020-02-20 10:12:42,223  INFO [ExecutorService Thread - 3] - ing.stockmarket.WriteCustomersInCSVFile.run 48 - Start writing into file: C:\Users\LU20WO\GeneratedFile\Publisher\Customers.csv
2020-02-20 10:12:42,239  INFO [ExecutorService Thread - 3] - ing.stockmarket.WriteCustomersInCSVFile.run 48 - Start writing into file: C:\Users\LU20WO\GeneratedFile\Publisher\Customers.csv
2020-02-20 10:12:42,255  INFO [ExecutorService Thread - 3] - ing.stockmarket.WriteCustomersInCSVFile.run 48 - Start writing into file: C:\Users\LU20WO\GeneratedFile\Publisher\Customers.csv
2020-02-20 10:12:42,271  INFO [ExecutorService Thread - 3] - ing.stockmarket.WriteCustomersInCSVFile.run 48 - Start writing into file: C:\Users\LU20WO\GeneratedFile\Publisher\Customers.csv
2020-02-20 10:12:42,286  INFO [ExecutorService Thread - 3] - ing.stockmarket.WriteCustomersInCSVFile.run 48 - Start writing into file: C:\Users\LU20WO\GeneratedFile\Publisher\Customers.csv
2020-02-20 10:12:42,302  INFO [ExecutorService Thread - 3] - ing.stockmarket.WriteCustomersInCSVFile.run 48 - Start writing into file: C:\Users\LU20WO\GeneratedFile\Publisher\Customers.csv
2020-02-20 10:12:42,318  INFO [ExecutorService Thread - 3] - ing.stockmarket.WriteCustomersInCSVFile.run 48 - Start writing into file: C:\Users\LU20WO\GeneratedFile\Publisher\Customers.csv
2020-02-20 10:12:42,334  INFO [ExecutorService Thread - 3] - ing.stockmarket.WriteCustomersInCSVFile.run 48 - Start writing into file: C:\Users\LU20WO\GeneratedFile\Publisher\Customers.csv
2020-02-20 10:12:42,349  INFO [ExecutorService Thread - 3] - ing.stockmarket.WriteCustomersInCSVFile.run 48 - Start writing into file: C:\Users\LU20WO\GeneratedFile\Publisher\Customers.csv
2020-02-20 10:12:42,365  INFO [ExecutorService Thread - 3] - ing.stockmarket.WriteCustomersInCSVFile.run 48 - Start writing into file: C:\Users\LU20WO\GeneratedFile\Publisher\Customers.csv
2020-02-20 10:12:42,380  INFO [ExecutorService Thread - 3] - ing.stockmarket.WriteCustomersInCSVFile.run 48 - Start writing into file: C:\Users\LU20WO\GeneratedFile\Publisher\Customers.csv
2020-02-20 10:12:42,396  INFO [ExecutorService Thread - 3] - ing.stockmarket.WriteCustomersInCSVFile.run 48 - Start writing into file: C:\Users\LU20WO\GeneratedFile\Publisher\Customers.csv
2020-02-20 10:12:42,396  INFO [ExecutorService Thread - 3] - ing.stockmarket.WriteCustomersInCSVFile.run 72 - This file was closed successful!

2020-02-20 10:12:43,736 ERROR [ExecutorService Thread - 8] - DatabaseConnection.WriteIntoDatabase.run 136 - Communications link failure

The last packet sent successfully to the server was 0 milliseconds ago. The driver has not received any packets from the server.
2020-02-20 10:12:43,736  INFO [ExecutorService Thread - 8] - DatabaseConnection.WriteIntoDatabase.run 149 - The connection to database was closed!
2020-02-20 10:12:43,736  INFO [http-nio-8080-exec-1] - ing.stockmarket.Utils.shutDownTheExecutor 396 - Gracefully shutting down ExecutorService!
2020-02-20 10:12:44,413  INFO [http-nio-8080-exec-1] - ing.stockmarket.Investor.copyFileForTransactionChannel 53 - Transaction
2020-02-20 10:12:51,153  INFO [http-nio-8080-exec-3] - ing.stockmarket.Investor.<init> 31 - Subscriber[2] 
2020-02-20 10:12:51,154 ERROR [http-nio-8080-exec-3] - PublisherSubscriberPattern.Post.runningAllThreads 92 - Task java.util.concurrent.FutureTask@12ceaef5 rejected from java.util.concurrent.ThreadPoolExecutor@1c0942dc[Terminated, pool size = 0, active threads = 0, queued tasks = 0, completed tasks = 22]
2020-02-20 10:12:51,154  INFO [Thread-13] - ing.stockmarket.ThreadForTesting.run 19 - The date when the data is written in the CSV file is :Thu Feb 20 10:12:51 EET 2020
2020-02-20 10:12:51,155 ERROR [http-nio-8080-exec-3] - PublisherSubscriberPattern.StockMarket.publish 41 - Task java.util.concurrent.FutureTask@5d3448e7 rejected from java.util.concurrent.ThreadPoolExecutor@1c0942dc[Terminated, pool size = 0, active threads = 0, queued tasks = 0, completed tasks = 22]
2020-02-20 10:12:51,156  INFO [http-nio-8080-exec-3] - ing.stockmarket.Investor.copyFileForTransactionChannel 53 - Transaction
2020-02-20 10:12:51,169  INFO [http-nio-8080-exec-3] - ing.stockmarket.Investor.copyFileForTransactionChannel 53 - Transaction
2020-02-20 10:12:51,196  INFO [Thread-13] - ing.stockmarket.ThreadForTesting.run 33 - Start writing into file: C:\Users\LU20WO\GeneratedFile\Publisher\Test.csv
2020-02-20 10:12:51,197  INFO [Thread-13] - ing.stockmarket.ThreadForTesting.run 45 - This file was closed successful!

2020-02-20 10:13:00,557  INFO [http-nio-8080-exec-4] - ing.stockmarket.Investor.<init> 31 - Subscriber[3] 
2020-02-20 10:13:00,558 ERROR [http-nio-8080-exec-4] - PublisherSubscriberPattern.Post.runningAllThreads 92 - Task java.util.concurrent.FutureTask@66d2e078 rejected from java.util.concurrent.ThreadPoolExecutor@1c0942dc[Terminated, pool size = 0, active threads = 0, queued tasks = 0, completed tasks = 22]
2020-02-20 10:13:00,558  INFO [Thread-14] - ing.stockmarket.ThreadForTesting.run 19 - The date when the data is written in the CSV file is :Thu Feb 20 10:13:00 EET 2020
2020-02-20 10:13:00,558 ERROR [http-nio-8080-exec-4] - PublisherSubscriberPattern.StockMarket.publish 41 - Task java.util.concurrent.FutureTask@6c2a8b08 rejected from java.util.concurrent.ThreadPoolExecutor@1c0942dc[Terminated, pool size = 0, active threads = 0, queued tasks = 0, completed tasks = 22]
2020-02-20 10:13:00,559  INFO [http-nio-8080-exec-4] - ing.stockmarket.Investor.copyFileForTransactionChannel 53 - Transaction
2020-02-20 10:13:00,570  INFO [http-nio-8080-exec-4] - ing.stockmarket.Investor.copyFileForTransactionChannel 53 - Transaction
2020-02-20 10:13:00,581  INFO [http-nio-8080-exec-4] - ing.stockmarket.Investor.copyFileForTransactionChannel 53 - Transaction
2020-02-20 10:13:00,599  INFO [Thread-14] - ing.stockmarket.ThreadForTesting.run 33 - Start writing into file: C:\Users\LU20WO\GeneratedFile\Publisher\Test.csv
2020-02-20 10:13:00,599  INFO [Thread-14] - ing.stockmarket.ThreadForTesting.run 45 - This file was closed successful!

